Mar 06 2019 15:36:38
{"type":8192,"message":"Function create_function() is deprecated","file":"\/srv\/www\/waccamaw\/public_html\/wp-content\/mu-plugins\/wpengine-common\/plugin.php","line":446}

Mar 06 2019 15:36:39
{"Number":8,"Message":"Undefined index: HTTPS","File":"\/srv\/www\/waccamaw\/public_html\/wp-content\/mu-plugins\/wpengine-common\/plugin.php","Line":1050}

Mar 06 2019 15:36:39
{"Number":2,"Message":"Invalid argument supplied for foreach()","File":"\/srv\/www\/waccamaw\/public_html\/wp-content\/mu-plugins\/wpengine-common\/plugin.php","Line":1076}

Mar 06 2019 15:36:39
{"type":8192,"message":"Function create_function() is deprecated","file":"\/srv\/www\/waccamaw\/public_html\/wp-content\/mu-plugins\/wpengine-common\/plugin.php","line":446}

Mar 06 2019 15:36:39
{"Number":8,"Message":"Undefined index: HTTPS","File":"\/srv\/www\/waccamaw\/public_html\/wp-content\/mu-plugins\/wpengine-common\/plugin.php","Line":1050}

Mar 06 2019 15:36:39
{"Number":2,"Message":"Invalid argument supplied for foreach()","File":"\/srv\/www\/waccamaw\/public_html\/wp-content\/mu-plugins\/wpengine-common\/plugin.php","Line":1076}

Mar 06 2019 15:36:39
{"type":8192,"message":"Function create_function() is deprecated","file":"\/srv\/www\/waccamaw\/public_html\/wp-content\/mu-plugins\/wpengine-common\/plugin.php","line":446}

Mar 06 2019 15:36:39
{"type":8192,"message":"Function create_function() is deprecated","file":"\/srv\/www\/waccamaw\/public_html\/wp-content\/mu-plugins\/wpengine-common\/plugin.php","line":446}

Mar 06 2019 15:36:45
{"Number":8,"Message":"Undefined index: HTTPS","File":"\/srv\/www\/waccamaw\/public_html\/wp-content\/mu-plugins\/wpengine-common\/plugin.php","Line":1050}

Mar 06 2019 15:36:45
{"Number":2,"Message":"Invalid argument supplied for foreach()","File":"\/srv\/www\/waccamaw\/public_html\/wp-content\/mu-plugins\/wpengine-common\/plugin.php","Line":1076}

Mar 06 2019 15:36:45
{"type":8192,"message":"Function create_function() is deprecated","file":"\/srv\/www\/waccamaw\/public_html\/wp-content\/mu-plugins\/wpengine-common\/plugin.php","line":446}

Mar 06 2019 15:36:46
{"Number":8,"Message":"Undefined index: HTTPS","File":"\/srv\/www\/waccamaw\/public_html\/wp-content\/mu-plugins\/wpengine-common\/plugin.php","Line":1050}

Mar 06 2019 15:36:46
{"Number":2,"Message":"Invalid argument supplied for foreach()","File":"\/srv\/www\/waccamaw\/public_html\/wp-content\/mu-plugins\/wpengine-common\/plugin.php","Line":1076}

Mar 06 2019 15:36:46
{"type":8192,"message":"Function create_function() is deprecated","file":"\/srv\/www\/waccamaw\/public_html\/wp-content\/mu-plugins\/wpengine-common\/plugin.php","line":446}

Mar 06 2019 15:36:56
{"Number":8,"Message":"Undefined index: HTTPS","File":"\/srv\/www\/waccamaw\/public_html\/wp-content\/mu-plugins\/wpengine-common\/plugin.php","Line":1050}

Mar 06 2019 15:36:56
{"Number":2,"Message":"Invalid argument supplied for foreach()","File":"\/srv\/www\/waccamaw\/public_html\/wp-content\/mu-plugins\/wpengine-common\/plugin.php","Line":1076}

Mar 06 2019 15:36:56
{"type":8192,"message":"Function create_function() is deprecated","file":"\/srv\/www\/waccamaw\/public_html\/wp-content\/mu-plugins\/wpengine-common\/plugin.php","line":446}

Mar 06 2019 15:37:00
{"Number":8,"Message":"Undefined index: HTTPS","File":"\/srv\/www\/waccamaw\/public_html\/wp-content\/mu-plugins\/wpengine-common\/plugin.php","Line":1050}

Mar 06 2019 15:37:00
{"Number":2,"Message":"Invalid argument supplied for foreach()","File":"\/srv\/www\/waccamaw\/public_html\/wp-content\/mu-plugins\/wpengine-common\/plugin.php","Line":1076}

Mar 06 2019 15:37:00
{"type":8192,"message":"Function create_function() is deprecated","file":"\/srv\/www\/waccamaw\/public_html\/wp-content\/mu-plugins\/wpengine-common\/plugin.php","line":446}

Mar 06 2019 15:37:01
{"Number":8,"Message":"Undefined index: HTTPS","File":"\/srv\/www\/waccamaw\/public_html\/wp-content\/mu-plugins\/wpengine-common\/plugin.php","Line":1050}

Mar 06 2019 15:37:01
{"Number":2,"Message":"Invalid argument supplied for foreach()","File":"\/srv\/www\/waccamaw\/public_html\/wp-content\/mu-plugins\/wpengine-common\/plugin.php","Line":1076}

Mar 06 2019 15:37:01
{"type":8192,"message":"Function create_function() is deprecated","file":"\/srv\/www\/waccamaw\/public_html\/wp-content\/mu-plugins\/wpengine-common\/plugin.php","line":446}

Mar 06 2019 15:37:01
{"Number":8,"Message":"Undefined index: delete","File":"\/srv\/www\/waccamaw\/public_html\/wp-content\/object-cache.php","Line":281}

Mar 06 2019 15:37:02
{"Number":8,"Message":"Undefined index: HTTPS","File":"\/srv\/www\/waccamaw\/public_html\/wp-content\/mu-plugins\/wpengine-common\/plugin.php","Line":1050}

Mar 06 2019 15:37:02
{"Number":2,"Message":"Invalid argument supplied for foreach()","File":"\/srv\/www\/waccamaw\/public_html\/wp-content\/mu-plugins\/wpengine-common\/plugin.php","Line":1076}

Mar 06 2019 15:37:02
{"type":8192,"message":"Function create_function() is deprecated","file":"\/srv\/www\/waccamaw\/public_html\/wp-content\/mu-plugins\/wpengine-common\/plugin.php","line":446}

Mar 06 2019 15:37:02
{"Number":8,"Message":"Undefined index: HTTPS","File":"\/srv\/www\/waccamaw\/public_html\/wp-content\/mu-plugins\/wpengine-common\/plugin.php","Line":1050}

Mar 06 2019 15:37:02
{"Number":2,"Message":"Invalid argument supplied for foreach()","File":"\/srv\/www\/waccamaw\/public_html\/wp-content\/mu-plugins\/wpengine-common\/plugin.php","Line":1076}

Mar 06 2019 15:37:02
{"type":8192,"message":"Function create_function() is deprecated","file":"\/srv\/www\/waccamaw\/public_html\/wp-content\/mu-plugins\/wpengine-common\/plugin.php","line":446}

Mar 06 2019 15:37:06
{"type":8192,"message":"Function create_function() is deprecated","file":"\/srv\/www\/waccamaw\/public_html\/wp-content\/mu-plugins\/wpengine-common\/plugin.php","line":446}

Mar 12 2019 20:50:09
{"type":8192,"message":"Function create_function() is deprecated","file":"\/srv\/www\/waccamaw\/public_html\/wp-content\/mu-plugins\/wpengine-common\/plugin.php","line":446}

Mar 12 2019 20:50:12
{"Number":8,"Message":"Undefined index: HTTPS","File":"\/srv\/www\/waccamaw\/public_html\/wp-content\/mu-plugins\/wpengine-common\/plugin.php","Line":1050}

Mar 12 2019 20:50:12
{"Number":2,"Message":"Invalid argument supplied for foreach()","File":"\/srv\/www\/waccamaw\/public_html\/wp-content\/mu-plugins\/wpengine-common\/plugin.php","Line":1076}

Mar 12 2019 20:50:12
{"type":8192,"message":"Function create_function() is deprecated","file":"\/srv\/www\/waccamaw\/public_html\/wp-content\/mu-plugins\/wpengine-common\/plugin.php","line":446}

Mar 12 2019 20:50:14
{"Number":8,"Message":"Undefined index: HTTPS","File":"\/srv\/www\/waccamaw\/public_html\/wp-content\/mu-plugins\/wpengine-common\/plugin.php","Line":1050}

Mar 12 2019 20:50:14
{"Number":2,"Message":"Invalid argument supplied for foreach()","File":"\/srv\/www\/waccamaw\/public_html\/wp-content\/mu-plugins\/wpengine-common\/plugin.php","Line":1076}

Mar 12 2019 20:50:14
{"type":8192,"message":"Function create_function() is deprecated","file":"\/srv\/www\/waccamaw\/public_html\/wp-content\/mu-plugins\/wpengine-common\/plugin.php","line":446}

Mar 12 2019 20:50:16
{"type":8192,"message":"Function create_function() is deprecated","file":"\/srv\/www\/waccamaw\/public_html\/wp-content\/mu-plugins\/wpengine-common\/plugin.php","line":446}

Mar 12 2019 20:50:23
{"Number":8,"Message":"Undefined index: HTTPS","File":"\/srv\/www\/waccamaw\/public_html\/wp-content\/mu-plugins\/wpengine-common\/plugin.php","Line":1050}

Mar 12 2019 20:50:23
{"Number":2,"Message":"Invalid argument supplied for foreach()","File":"\/srv\/www\/waccamaw\/public_html\/wp-content\/mu-plugins\/wpengine-common\/plugin.php","Line":1076}

Mar 12 2019 20:50:23
{"type":8192,"message":"Function create_function() is deprecated","file":"\/srv\/www\/waccamaw\/public_html\/wp-content\/mu-plugins\/wpengine-common\/plugin.php","line":446}

Mar 12 2019 20:50:26
{"Number":8,"Message":"Undefined index: HTTPS","File":"\/srv\/www\/waccamaw\/public_html\/wp-content\/mu-plugins\/wpengine-common\/plugin.php","Line":1050}

Mar 12 2019 20:50:26
{"Number":2,"Message":"Invalid argument supplied for foreach()","File":"\/srv\/www\/waccamaw\/public_html\/wp-content\/mu-plugins\/wpengine-common\/plugin.php","Line":1076}

Mar 12 2019 20:50:26
{"type":8192,"message":"Function create_function() is deprecated","file":"\/srv\/www\/waccamaw\/public_html\/wp-content\/mu-plugins\/wpengine-common\/plugin.php","line":446}

Mar 12 2019 20:50:39
{"Number":8,"Message":"Undefined index: HTTPS","File":"\/srv\/www\/waccamaw\/public_html\/wp-content\/mu-plugins\/wpengine-common\/plugin.php","Line":1050}

Mar 12 2019 20:50:39
{"Number":2,"Message":"Invalid argument supplied for foreach()","File":"\/srv\/www\/waccamaw\/public_html\/wp-content\/mu-plugins\/wpengine-common\/plugin.php","Line":1076}

Mar 12 2019 20:50:39
{"type":8192,"message":"Function create_function() is deprecated","file":"\/srv\/www\/waccamaw\/public_html\/wp-content\/mu-plugins\/wpengine-common\/plugin.php","line":446}

Mar 12 2019 20:50:51
{"Number":8,"Message":"Undefined index: HTTPS","File":"\/srv\/www\/waccamaw\/public_html\/wp-content\/mu-plugins\/wpengine-common\/plugin.php","Line":1050}

Mar 12 2019 20:50:51
{"Number":2,"Message":"Invalid argument supplied for foreach()","File":"\/srv\/www\/waccamaw\/public_html\/wp-content\/mu-plugins\/wpengine-common\/plugin.php","Line":1076}

Mar 12 2019 20:50:51
{"type":8192,"message":"Function create_function() is deprecated","file":"\/srv\/www\/waccamaw\/public_html\/wp-content\/mu-plugins\/wpengine-common\/plugin.php","line":446}

Mar 12 2019 20:50:57
{"Number":8,"Message":"Undefined index: HTTPS","File":"\/srv\/www\/waccamaw\/public_html\/wp-content\/mu-plugins\/wpengine-common\/plugin.php","Line":1050}

Mar 12 2019 20:50:57
{"Number":2,"Message":"Invalid argument supplied for foreach()","File":"\/srv\/www\/waccamaw\/public_html\/wp-content\/mu-plugins\/wpengine-common\/plugin.php","Line":1076}

Mar 12 2019 20:50:57
{"type":8192,"message":"Function create_function() is deprecated","file":"\/srv\/www\/waccamaw\/public_html\/wp-content\/mu-plugins\/wpengine-common\/plugin.php","line":446}

Mar 12 2019 20:51:00
{"Number":8,"Message":"Undefined index: HTTPS","File":"\/srv\/www\/waccamaw\/public_html\/wp-content\/mu-plugins\/wpengine-common\/plugin.php","Line":1050}

Mar 12 2019 20:51:00
{"Number":2,"Message":"Invalid argument supplied for foreach()","File":"\/srv\/www\/waccamaw\/public_html\/wp-content\/mu-plugins\/wpengine-common\/plugin.php","Line":1076}

Mar 12 2019 20:51:00
{"type":8192,"message":"Function create_function() is deprecated","file":"\/srv\/www\/waccamaw\/public_html\/wp-content\/mu-plugins\/wpengine-common\/plugin.php","line":446}

Mar 12 2019 20:51:04
{"Number":8,"Message":"Undefined index: delete","File":"\/srv\/www\/waccamaw\/public_html\/wp-content\/object-cache.php","Line":281}

Mar 12 2019 20:51:04
{"Number":8,"Message":"Undefined index: HTTPS","File":"\/srv\/www\/waccamaw\/public_html\/wp-content\/mu-plugins\/wpengine-common\/plugin.php","Line":1050}

Mar 12 2019 20:51:04
{"Number":2,"Message":"Invalid argument supplied for foreach()","File":"\/srv\/www\/waccamaw\/public_html\/wp-content\/mu-plugins\/wpengine-common\/plugin.php","Line":1076}

Mar 12 2019 20:51:04
{"type":8192,"message":"Function create_function() is deprecated","file":"\/srv\/www\/waccamaw\/public_html\/wp-content\/mu-plugins\/wpengine-common\/plugin.php","line":446}

Mar 12 2019 20:51:04
{"Number":8,"Message":"Undefined index: HTTPS","File":"\/srv\/www\/waccamaw\/public_html\/wp-content\/mu-plugins\/wpengine-common\/plugin.php","Line":1050}

Mar 12 2019 20:51:04
{"Number":2,"Message":"Invalid argument supplied for foreach()","File":"\/srv\/www\/waccamaw\/public_html\/wp-content\/mu-plugins\/wpengine-common\/plugin.php","Line":1076}

Mar 12 2019 20:51:04
{"type":8192,"message":"Function create_function() is deprecated","file":"\/srv\/www\/waccamaw\/public_html\/wp-content\/mu-plugins\/wpengine-common\/plugin.php","line":446}

Mar 12 2019 20:51:08
{"type":8192,"message":"Function create_function() is deprecated","file":"\/srv\/www\/waccamaw\/public_html\/wp-content\/mu-plugins\/wpengine-common\/plugin.php","line":446}

